[debug] [2026-02-12T20:51:51.994Z] ----------------------------------------------------------------------
[debug] [2026-02-12T20:51:51.999Z] Command:       C:\Program Files\nodejs\node.exe C:\Users\prior\AppData\Roaming\npm\node_modules\firebase-tools\lib\bin\firebase.js deploy --only hosting
[debug] [2026-02-12T20:51:52.000Z] CLI Version:   15.6.0
[debug] [2026-02-12T20:51:52.000Z] Platform:      win32
[debug] [2026-02-12T20:51:52.000Z] Node Version:  v24.13.0
[debug] [2026-02-12T20:51:52.001Z] Time:          Fri Feb 13 2026 02:21:52 GMT+0530 (India Standard Time)
[debug] [2026-02-12T20:51:52.001Z] ----------------------------------------------------------------------
[debug] 
[debug] [2026-02-12T20:51:54.455Z] > command requires scopes: ["email","openid","https://www.googleapis.com/auth/cloudplatformprojects.readonly","https://www.googleapis.com/auth/firebase","https://www.googleapis.com/auth/cloud-platform"]
[debug] [2026-02-12T20:51:54.887Z] Running auto auth
[debug] [2026-02-12T20:51:54.888Z] [iam] checking project shreenika-ai-lite-new for permissions ["firebase.projects.get","firebasehosting.sites.update"]
[debug] [2026-02-12T20:51:54.889Z] No OAuth tokens found
[debug] [2026-02-12T20:51:54.891Z] >>> [apiv2][query] POST https://cloudresourcemanager.googleapis.com/v1/projects/shreenika-ai-lite-new:testIamPermissions [none]
[debug] [2026-02-12T20:51:54.891Z] >>> [apiv2][(partial)header] POST https://cloudresourcemanager.googleapis.com/v1/projects/shreenika-ai-lite-new:testIamPermissions  x-goog-user-project=shreenika-ai-lite-new
[debug] [2026-02-12T20:51:54.891Z] >>> [apiv2][body] POST https://cloudresourcemanager.googleapis.com/v1/projects/shreenika-ai-lite-new:testIamPermissions {"permissions":["firebase.projects.get","firebasehosting.sites.update"]}
[debug] [2026-02-12T20:51:56.524Z] <<< [apiv2][status] POST https://cloudresourcemanager.googleapis.com/v1/projects/shreenika-ai-lite-new:testIamPermissions 400
[debug] [2026-02-12T20:51:56.525Z] <<< [apiv2][body] POST https://cloudresourcemanager.googleapis.com/v1/projects/shreenika-ai-lite-new:testIamPermissions {"error":{"code":400,"message":"Project 'projects/shreenika-ai-lite-new' not found or deleted.","status":"INVALID_ARGUMENT","details":[{"@type":"type.googleapis.com/google.rpc.ErrorInfo","reason":"USER_PROJECT_DENIED","domain":"googleapis.com","metadata":{"containerInfo":"projects/shreenika-ai-lite-new","service":"cloudresourcemanager.googleapis.com","consumer":"projects/shreenika-ai-lite-new"}}]}}
[debug] [2026-02-12T20:51:56.526Z] [iam] error while checking permissions, command may fail: Request to https://cloudresourcemanager.googleapis.com/v1/projects/shreenika-ai-lite-new:testIamPermissions had HTTP Error: 400, Project 'projects/shreenika-ai-lite-new' not found or deleted.
[debug] [2026-02-12T20:51:56.528Z] No OAuth tokens found
[debug] [2026-02-12T20:51:56.529Z] >>> [apiv2][query] GET https://firebase.googleapis.com/v1beta1/projects/shreenika-ai-lite-new [none]
[debug] [2026-02-12T20:51:57.064Z] <<< [apiv2][status] GET https://firebase.googleapis.com/v1beta1/projects/shreenika-ai-lite-new 403
[debug] [2026-02-12T20:51:57.064Z] <<< [apiv2][body] GET https://firebase.googleapis.com/v1beta1/projects/shreenika-ai-lite-new {"error":{"code":403,"message":"Firebase Management API has not been used in project 711871520860 before or it is disabled. Enable it by visiting https://console.developers.google.com/apis/api/firebase.googleapis.com/overview?project=711871520860 then retry. If you enabled this API recently, wait a few minutes for the action to propagate to our systems and retry.","status":"PERMISSION_DENIED","details":[{"@type":"type.googleapis.com/google.rpc.ErrorInfo","reason":"SERVICE_DISABLED","domain":"googleapis.com","metadata":{"serviceTitle":"Firebase Management API","activationUrl":"https://console.developers.google.com/apis/api/firebase.googleapis.com/overview?project=711871520860","service":"firebase.googleapis.com","consumer":"projects/711871520860","containerInfo":"711871520860"}},{"@type":"type.googleapis.com/google.rpc.LocalizedMessage","locale":"en-US","message":"Firebase Management API has not been used in project 711871520860 before or it is disabled. Enable it by visiting https://console.developers.google.com/apis/api/firebase.googleapis.com/overview?project=711871520860 then retry. If you enabled this API recently, wait a few minutes for the action to propagate to our systems and retry."},{"@type":"type.googleapis.com/google.rpc.Help","links":[{"description":"Google developers console API activation","url":"https://console.developers.google.com/apis/api/firebase.googleapis.com/overview?project=711871520860"}]}]}}
[debug] [2026-02-12T20:51:57.065Z] Request to https://firebase.googleapis.com/v1beta1/projects/shreenika-ai-lite-new had HTTP Error: 403, Firebase Management API has not been used in project 711871520860 before or it is disabled. Enable it by visiting https://console.developers.google.com/apis/api/firebase.googleapis.com/overview?project=711871520860 then retry. If you enabled this API recently, wait a few minutes for the action to propagate to our systems and retry.
[debug] [2026-02-12T20:51:57.067Z] FirebaseError: Request to https://firebase.googleapis.com/v1beta1/projects/shreenika-ai-lite-new had HTTP Error: 403, Firebase Management API has not been used in project 711871520860 before or it is disabled. Enable it by visiting https://console.developers.google.com/apis/api/firebase.googleapis.com/overview?project=711871520860 then retry. If you enabled this API recently, wait a few minutes for the action to propagate to our systems and retry.
    at responseToError (C:\Users\prior\AppData\Roaming\npm\node_modules\firebase-tools\lib\responseToError.js:53:12)
    at RetryOperation._fn (C:\Users\prior\AppData\Roaming\npm\node_modules\firebase-tools\lib\apiv2.js:330:77)
    at process.processTicksAndRejections (node:internal/process/task_queues:103:5)
[error] 
[error] Error: Failed to get Firebase project shreenika-ai-lite-new. Please make sure the project exists and your account has permission to access it.
[debug] [2026-02-12T20:52:36.669Z] ----------------------------------------------------------------------
[debug] [2026-02-12T20:52:36.675Z] Command:       C:\Program Files\nodejs\node.exe C:\Users\prior\AppData\Roaming\npm\node_modules\firebase-tools\lib\bin\firebase.js deploy --only hosting
[debug] [2026-02-12T20:52:36.676Z] CLI Version:   15.6.0
[debug] [2026-02-12T20:52:36.676Z] Platform:      win32
[debug] [2026-02-12T20:52:36.676Z] Node Version:  v24.13.0
[debug] [2026-02-12T20:52:36.677Z] Time:          Fri Feb 13 2026 02:22:36 GMT+0530 (India Standard Time)
[debug] [2026-02-12T20:52:36.677Z] ----------------------------------------------------------------------
[debug] 
[debug] [2026-02-12T20:52:39.295Z] > command requires scopes: ["email","openid","https://www.googleapis.com/auth/cloudplatformprojects.readonly","https://www.googleapis.com/auth/firebase","https://www.googleapis.com/auth/cloud-platform"]
[debug] [2026-02-12T20:52:39.564Z] Running auto auth
[debug] [2026-02-12T20:52:39.565Z] [iam] checking project studio-7816251372-393e9 for permissions ["firebase.projects.get","firebasehosting.sites.update"]
[debug] [2026-02-12T20:52:39.566Z] No OAuth tokens found
[debug] [2026-02-12T20:52:39.568Z] >>> [apiv2][query] POST https://cloudresourcemanager.googleapis.com/v1/projects/studio-7816251372-393e9:testIamPermissions [none]
[debug] [2026-02-12T20:52:39.568Z] >>> [apiv2][(partial)header] POST https://cloudresourcemanager.googleapis.com/v1/projects/studio-7816251372-393e9:testIamPermissions  x-goog-user-project=studio-7816251372-393e9
[debug] [2026-02-12T20:52:39.568Z] >>> [apiv2][body] POST https://cloudresourcemanager.googleapis.com/v1/projects/studio-7816251372-393e9:testIamPermissions {"permissions":["firebase.projects.get","firebasehosting.sites.update"]}
[debug] [2026-02-12T20:52:41.174Z] <<< [apiv2][status] POST https://cloudresourcemanager.googleapis.com/v1/projects/studio-7816251372-393e9:testIamPermissions 403
[debug] [2026-02-12T20:52:41.175Z] <<< [apiv2][body] POST https://cloudresourcemanager.googleapis.com/v1/projects/studio-7816251372-393e9:testIamPermissions {"error":{"code":403,"message":"Caller does not have required permission to use project studio-7816251372-393e9. Grant the caller the roles/serviceusage.serviceUsageConsumer role, or a custom role with the serviceusage.services.use permission, by visiting https://console.developers.google.com/iam-admin/iam/project?project=studio-7816251372-393e9 and then retry. Propagation of the new permission may take a few minutes.","status":"PERMISSION_DENIED","details":[{"@type":"type.googleapis.com/google.rpc.ErrorInfo","reason":"USER_PROJECT_DENIED","domain":"googleapis.com","metadata":{"consoleUrl":"https://console.developers.google.com/iam-admin/iam/project?project=studio-7816251372-393e9","containerInfo":"studio-7816251372-393e9","service":"cloudresourcemanager.googleapis.com","consumer":"projects/studio-7816251372-393e9"}},{"@type":"type.googleapis.com/google.rpc.LocalizedMessage","locale":"en-US","message":"Caller does not have required permission to use project studio-7816251372-393e9. Grant the caller the roles/serviceusage.serviceUsageConsumer role, or a custom role with the serviceusage.services.use permission, by visiting https://console.developers.google.com/iam-admin/iam/project?project=studio-7816251372-393e9 and then retry. Propagation of the new permission may take a few minutes."},{"@type":"type.googleapis.com/google.rpc.Help","links":[{"description":"Google developer console IAM admin","url":"https://console.developers.google.com/iam-admin/iam/project?project=studio-7816251372-393e9"}]}]}}
[debug] [2026-02-12T20:52:41.177Z] [iam] error while checking permissions, command may fail: Request to https://cloudresourcemanager.googleapis.com/v1/projects/studio-7816251372-393e9:testIamPermissions had HTTP Error: 403, Caller does not have required permission to use project studio-7816251372-393e9. Grant the caller the roles/serviceusage.serviceUsageConsumer role, or a custom role with the serviceusage.services.use permission, by visiting https://console.developers.google.com/iam-admin/iam/project?project=studio-7816251372-393e9 and then retry. Propagation of the new permission may take a few minutes.
[debug] [2026-02-12T20:52:41.179Z] No OAuth tokens found
[debug] [2026-02-12T20:52:41.180Z] >>> [apiv2][query] GET https://firebase.googleapis.com/v1beta1/projects/studio-7816251372-393e9 [none]
[debug] [2026-02-12T20:52:41.481Z] <<< [apiv2][status] GET https://firebase.googleapis.com/v1beta1/projects/studio-7816251372-393e9 403
[debug] [2026-02-12T20:52:41.481Z] <<< [apiv2][body] GET https://firebase.googleapis.com/v1beta1/projects/studio-7816251372-393e9 {"error":{"code":403,"message":"Firebase Management API has not been used in project 711871520860 before or it is disabled. Enable it by visiting https://console.developers.google.com/apis/api/firebase.googleapis.com/overview?project=711871520860 then retry. If you enabled this API recently, wait a few minutes for the action to propagate to our systems and retry.","status":"PERMISSION_DENIED","details":[{"@type":"type.googleapis.com/google.rpc.ErrorInfo","reason":"SERVICE_DISABLED","domain":"googleapis.com","metadata":{"serviceTitle":"Firebase Management API","containerInfo":"711871520860","service":"firebase.googleapis.com","consumer":"projects/711871520860","activationUrl":"https://console.developers.google.com/apis/api/firebase.googleapis.com/overview?project=711871520860"}},{"@type":"type.googleapis.com/google.rpc.LocalizedMessage","locale":"en-US","message":"Firebase Management API has not been used in project 711871520860 before or it is disabled. Enable it by visiting https://console.developers.google.com/apis/api/firebase.googleapis.com/overview?project=711871520860 then retry. If you enabled this API recently, wait a few minutes for the action to propagate to our systems and retry."},{"@type":"type.googleapis.com/google.rpc.Help","links":[{"description":"Google developers console API activation","url":"https://console.developers.google.com/apis/api/firebase.googleapis.com/overview?project=711871520860"}]}]}}
[debug] [2026-02-12T20:52:41.482Z] Request to https://firebase.googleapis.com/v1beta1/projects/studio-7816251372-393e9 had HTTP Error: 403, Firebase Management API has not been used in project 711871520860 before or it is disabled. Enable it by visiting https://console.developers.google.com/apis/api/firebase.googleapis.com/overview?project=711871520860 then retry. If you enabled this API recently, wait a few minutes for the action to propagate to our systems and retry.
[debug] [2026-02-12T20:52:41.484Z] FirebaseError: Request to https://firebase.googleapis.com/v1beta1/projects/studio-7816251372-393e9 had HTTP Error: 403, Firebase Management API has not been used in project 711871520860 before or it is disabled. Enable it by visiting https://console.developers.google.com/apis/api/firebase.googleapis.com/overview?project=711871520860 then retry. If you enabled this API recently, wait a few minutes for the action to propagate to our systems and retry.
    at responseToError (C:\Users\prior\AppData\Roaming\npm\node_modules\firebase-tools\lib\responseToError.js:53:12)
    at RetryOperation._fn (C:\Users\prior\AppData\Roaming\npm\node_modules\firebase-tools\lib\apiv2.js:330:77)
    at process.processTicksAndRejections (node:internal/process/task_queues:103:5)
[error] 
[error] Error: Failed to get Firebase project studio-7816251372-393e9. Please make sure the project exists and your account has permission to access it.
